-------------------------------------------------------------------------------
Test set: edu.whu.demo.service.ProductServiceTest
-------------------------------------------------------------------------------
Tests run: 3, Failures: 0, Errors: 3, Skipped: 0, Time elapsed: 3.137 s <<< FAILURE! - in edu.whu.demo.service.ProductServiceTest
testFindProduct  Time elapsed: 1.047 s  <<< ERROR!
org.springframework.transaction.CannotCreateTransactionException: Could not open JDBC Connection for transaction; nested exception is java.sql.SQLException: Access denied for user 'root'@'localhost' (using password: YES)
Caused by: java.sql.SQLException: Access denied for user 'root'@'localhost' (using password: YES)

testUpdateProduct  Time elapsed: 1.051 s  <<< ERROR!
org.springframework.transaction.CannotCreateTransactionException: Could not open JDBC Connection for transaction; nested exception is java.sql.SQLException: Access denied for user 'root'@'localhost' (using password: YES)
Caused by: java.sql.SQLException: Access denied for user 'root'@'localhost' (using password: YES)

testAddProduct  Time elapsed: 1.03 s  <<< ERROR!
org.springframework.transaction.CannotCreateTransactionException: Could not open JDBC Connection for transaction; nested exception is java.sql.SQLException: Access denied for user 'root'@'localhost' (using password: YES)
Caused by: java.sql.SQLException: Access denied for user 'root'@'localhost' (using password: YES)

